This file contains any messages produced by compilers while
running configure, to aid debugging if configure makes a mistake.

It was created by xsampa2ipa configure 0.1, which was
generated by GNU Autoconf 2.68.  Invocation command line was

  $ /home/sieciuch/xsampa2ipa/configure --enable-maintainer-mode CFLAGS=-g -O0 CXXFLAGS=-g -O0 JFLAGS=-g -O0 FFLAGS=-g -O0

## --------- ##
## Platform. ##
## --------- ##

hostname = Ubuntu-M61PM-S2
uname -m = x86_64
uname -r = 3.2.0-20-generic
uname -s = Linux
uname -v = #33-Ubuntu SMP Tue Mar 27 16:42:26 UTC 2012

/usr/bin/uname -p = unknown
/bin/uname -X     = unknown

/bin/arch              = unknown
/usr/bin/arch -k       = unknown
/usr/convex/getsysinfo = unknown
/usr/bin/hostinfo      = unknown
/bin/machine           = unknown
/usr/bin/oslevel       = unknown
/bin/universe          = unknown

PATH: /usr/local/sbin
PATH: /usr/local/bin
PATH: /usr/sbin
PATH: /usr/bin
PATH: /sbin
PATH: /bin
PATH: /usr/games


## ----------- ##
## Core tests. ##
## ----------- ##

configure:2430: checking for a BSD-compatible install
configure:2498: result: /usr/bin/install -c
configure:2509: checking whether build environment is sane
configure:2559: result: yes
configure:2700: checking for a thread-safe mkdir -p
configure:2739: result: /bin/mkdir -p
configure:2752: checking for gawk
configure:2768: found /usr/bin/gawk
configure:2779: result: gawk
configure:2790: checking whether make sets $(MAKE)
configure:2812: result: yes
configure:2904: checking whether make supports nested variables
configure:2921: result: yes
configure:2991: checking for g++
configure:3007: found /usr/bin/g++
configure:3018: result: g++
configure:3045: checking for C++ compiler version
configure:3054: g++ --version >&5
g++ (Ubuntu/Linaro 4.6.3-1ubuntu3) 4.6.3
Copyright (C) 2011 Free Software Foundation, Inc.
This is free software; see the source for copying conditions.  There is NO
warranty; not even for MERCHANTABILITY or FITNESS FOR A PARTICULAR PURPOSE.

configure:3065: $? = 0
configure:3054: g++ -v >&5
Using built-in specs.
COLLECT_GCC=g++
COLLECT_LTO_WRAPPER=/usr/lib/gcc/x86_64-linux-gnu/4.6/lto-wrapper
Target: x86_64-linux-gnu
Configured with: ../src/configure -v --with-pkgversion='Ubuntu/Linaro 4.6.3-1ubuntu3' --with-bugurl=file:///usr/share/doc/gcc-4.6/README.Bugs --enable-languages=c,c++,fortran,objc,obj-c++,go --prefix=/usr --program-suffix=-4.6 --enable-shared --enable-linker-build-id --with-system-zlib --libexecdir=/usr/lib --without-included-gettext --enable-threads=posix --with-gxx-include-dir=/usr/include/c++/4.6 --libdir=/usr/lib --enable-nls --with-sysroot=/ --enable-clocale=gnu --enable-libstdcxx-debug --enable-libstdcxx-time=yes --enable-gnu-unique-object --enable-plugin --enable-objc-gc --disable-werror --with-arch-32=i686 --with-tune=generic --enable-checking=release --build=x86_64-linux-gnu --host=x86_64-linux-gnu --target=x86_64-linux-gnu
Thread model: posix
gcc version 4.6.3 (Ubuntu/Linaro 4.6.3-1ubuntu3) 
configure:3065: $? = 0
configure:3054: g++ -V >&5
g++: error: unrecognized option '-V'
g++: fatal error: no input files
compilation terminated.
configure:3065: $? = 4
configure:3054: g++ -qversion >&5
g++: error: unrecognized option '-qversion'
g++: fatal error: no input files
compilation terminated.
configure:3065: $? = 4
configure:3085: checking whether the C++ compiler works
configure:3107: g++ -g -O0   conftest.cpp  >&5
configure:3111: $? = 0
configure:3159: result: yes
configure:3162: checking for C++ compiler default output file name
configure:3164: result: a.out
configure:3170: checking for suffix of executables
configure:3177: g++ -o conftest -g -O0   conftest.cpp  >&5
configure:3181: $? = 0
configure:3203: result: 
configure:3225: checking whether we are cross compiling
configure:3233: g++ -o conftest -g -O0   conftest.cpp  >&5
configure:3237: $? = 0
configure:3244: ./conftest
configure:3248: $? = 0
configure:3263: result: no
configure:3268: checking for suffix of object files
configure:3290: g++ -c -g -O0  conftest.cpp >&5
configure:3294: $? = 0
configure:3315: result: o
configure:3319: checking whether we are using the GNU C++ compiler
configure:3338: g++ -c -g -O0  conftest.cpp >&5
configure:3338: $? = 0
configure:3347: result: yes
configure:3356: checking whether g++ accepts -g
configure:3376: g++ -c -g  conftest.cpp >&5
configure:3376: $? = 0
configure:3417: result: yes
configure:3451: checking for style of include used by make
configure:3479: result: GNU
configure:3505: checking dependency style of g++
configure:3616: result: gcc3
configure:3636: checking whether NLS is requested
configure:3645: result: yes
configure:3697: checking for gcc
configure:3713: found /usr/bin/gcc
configure:3724: result: gcc
configure:3953: checking for C compiler version
configure:3962: gcc --version >&5
gcc (Ubuntu/Linaro 4.6.3-1ubuntu3) 4.6.3
Copyright (C) 2011 Free Software Foundation, Inc.
This is free software; see the source for copying conditions.  There is NO
warranty; not even for MERCHANTABILITY or FITNESS FOR A PARTICULAR PURPOSE.

configure:3973: $? = 0
configure:3962: gcc -v >&5
Using built-in specs.
COLLECT_GCC=gcc
COLLECT_LTO_WRAPPER=/usr/lib/gcc/x86_64-linux-gnu/4.6/lto-wrapper
Target: x86_64-linux-gnu
Configured with: ../src/configure -v --with-pkgversion='Ubuntu/Linaro 4.6.3-1ubuntu3' --with-bugurl=file:///usr/share/doc/gcc-4.6/README.Bugs --enable-languages=c,c++,fortran,objc,obj-c++,go --prefix=/usr --program-suffix=-4.6 --enable-shared --enable-linker-build-id --with-system-zlib --libexecdir=/usr/lib --without-included-gettext --enable-threads=posix --with-gxx-include-dir=/usr/include/c++/4.6 --libdir=/usr/lib --enable-nls --with-sysroot=/ --enable-clocale=gnu --enable-libstdcxx-debug --enable-libstdcxx-time=yes --enable-gnu-unique-object --enable-plugin --enable-objc-gc --disable-werror --with-arch-32=i686 --with-tune=generic --enable-checking=release --build=x86_64-linux-gnu --host=x86_64-linux-gnu --target=x86_64-linux-gnu
Thread model: posix
gcc version 4.6.3 (Ubuntu/Linaro 4.6.3-1ubuntu3) 
configure:3973: $? = 0
configure:3962: gcc -V >&5
gcc: error: unrecognized option '-V'
gcc: fatal error: no input files
compilation terminated.
configure:3973: $? = 4
configure:3962: gcc -qversion >&5
gcc: error: unrecognized option '-qversion'
gcc: fatal error: no input files
compilation terminated.
configure:3973: $? = 4
configure:3977: checking whether we are using the GNU C compiler
configure:3996: gcc -c -g -O0  conftest.c >&5
configure:3996: $? = 0
configure:4005: result: yes
configure:4014: checking whether gcc accepts -g
configure:4034: gcc -c -g  conftest.c >&5
configure:4034: $? = 0
configure:4075: result: yes
configure:4092: checking for gcc option to accept ISO C89
configure:4156: gcc  -c -g -O0  conftest.c >&5
configure:4156: $? = 0
configure:4169: result: none needed
configure:4191: checking dependency style of gcc
configure:4302: result: gcc3
configure:4332: checking for intltool >= 0.35.0
configure:4334: result: 0.50.2 found
configure:4342: checking for intltool-update
configure:4360: found /usr/bin/intltool-update
configure:4372: result: /usr/bin/intltool-update
configure:4382: checking for intltool-merge
configure:4400: found /usr/bin/intltool-merge
configure:4412: result: /usr/bin/intltool-merge
configure:4422: checking for intltool-extract
configure:4440: found /usr/bin/intltool-extract
configure:4452: result: /usr/bin/intltool-extract
configure:4606: checking for xgettext
configure:4624: found /usr/bin/xgettext
configure:4636: result: /usr/bin/xgettext
configure:4646: checking for msgmerge
configure:4664: found /usr/bin/msgmerge
configure:4676: result: /usr/bin/msgmerge
configure:4686: checking for msgfmt
configure:4704: found /usr/bin/msgfmt
configure:4716: result: /usr/bin/msgfmt
configure:4726: checking for gmsgfmt
configure:4757: result: /usr/bin/msgfmt
configure:4777: checking for perl
configure:4795: found /usr/bin/perl
configure:4807: result: /usr/bin/perl
configure:4818: checking for perl >= 5.8.1
configure:4825: result: 5.14.2
configure:4829: checking for XML::Parser
configure:4832: result: ok
configure:4857: gcc -o conftest -g -O0   conftest.c  >&5
configure:4857: $? = 0
configure:4896: checking how to run the C preprocessor
configure:4927: gcc -E  conftest.c
configure:4927: $? = 0
configure:4941: gcc -E  conftest.c
conftest.c:12:28: fatal error: ac_nonexistent.h: No such file or directory
compilation terminated.
configure:4941: $? = 1
configure: failed program was:
| /* confdefs.h */
| #define PACKAGE_NAME "xsampa2ipa"
| #define PACKAGE_TARNAME "xsampa2ipa"
| #define PACKAGE_VERSION "0.1"
| #define PACKAGE_STRING "xsampa2ipa 0.1"
| #define PACKAGE_BUGREPORT ""
| #define PACKAGE_URL ""
| #define PACKAGE "xsampa2ipa"
| #define VERSION "0.1"
| #define GETTEXT_PACKAGE "xsampa2ipa"
| /* end confdefs.h.  */
| #include <ac_nonexistent.h>
configure:4966: result: gcc -E
configure:4986: gcc -E  conftest.c
configure:4986: $? = 0
configure:5000: gcc -E  conftest.c
conftest.c:12:28: fatal error: ac_nonexistent.h: No such file or directory
compilation terminated.
configure:5000: $? = 1
configure: failed program was:
| /* confdefs.h */
| #define PACKAGE_NAME "xsampa2ipa"
| #define PACKAGE_TARNAME "xsampa2ipa"
| #define PACKAGE_VERSION "0.1"
| #define PACKAGE_STRING "xsampa2ipa 0.1"
| #define PACKAGE_BUGREPORT ""
| #define PACKAGE_URL ""
| #define PACKAGE "xsampa2ipa"
| #define VERSION "0.1"
| #define GETTEXT_PACKAGE "xsampa2ipa"
| /* end confdefs.h.  */
| #include <ac_nonexistent.h>
configure:5029: checking for grep that handles long lines and -e
configure:5087: result: /bin/grep
configure:5092: checking for egrep
configure:5154: result: /bin/grep -E
configure:5159: checking for ANSI C header files
configure:5179: gcc -c -g -O0  conftest.c >&5
configure:5179: $? = 0
configure:5252: gcc -o conftest -g -O0   conftest.c  >&5
configure:5252: $? = 0
configure:5252: ./conftest
configure:5252: $? = 0
configure:5263: result: yes
configure:5276: checking for sys/types.h
configure:5276: gcc -c -g -O0  conftest.c >&5
configure:5276: $? = 0
configure:5276: result: yes
configure:5276: checking for sys/stat.h
configure:5276: gcc -c -g -O0  conftest.c >&5
configure:5276: $? = 0
configure:5276: result: yes
configure:5276: checking for stdlib.h
configure:5276: gcc -c -g -O0  conftest.c >&5
configure:5276: $? = 0
configure:5276: result: yes
configure:5276: checking for string.h
configure:5276: gcc -c -g -O0  conftest.c >&5
configure:5276: $? = 0
configure:5276: result: yes
configure:5276: checking for memory.h
configure:5276: gcc -c -g -O0  conftest.c >&5
configure:5276: $? = 0
configure:5276: result: yes
configure:5276: checking for strings.h
configure:5276: gcc -c -g -O0  conftest.c >&5
configure:5276: $? = 0
configure:5276: result: yes
configure:5276: checking for inttypes.h
configure:5276: gcc -c -g -O0  conftest.c >&5
configure:5276: $? = 0
configure:5276: result: yes
configure:5276: checking for stdint.h
configure:5276: gcc -c -g -O0  conftest.c >&5
configure:5276: $? = 0
configure:5276: result: yes
configure:5276: checking for unistd.h
configure:5276: gcc -c -g -O0  conftest.c >&5
configure:5276: $? = 0
configure:5276: result: yes
configure:5291: checking locale.h usability
configure:5291: gcc -c -g -O0  conftest.c >&5
configure:5291: $? = 0
configure:5291: result: yes
configure:5291: checking locale.h presence
configure:5291: gcc -E  conftest.c
configure:5291: $? = 0
configure:5291: result: yes
configure:5291: checking for locale.h
configure:5291: result: yes
configure:5302: checking for LC_MESSAGES
configure:5318: gcc -o conftest -g -O0   conftest.c  >&5
configure:5318: $? = 0
configure:5326: result: yes
configure:5343: checking libintl.h usability
configure:5343: gcc -c -g -O0  conftest.c >&5
configure:5343: $? = 0
configure:5343: result: yes
configure:5343: checking libintl.h presence
configure:5343: gcc -E  conftest.c
configure:5343: $? = 0
configure:5343: result: yes
configure:5343: checking for libintl.h
configure:5343: result: yes
configure:5351: checking for ngettext in libc
configure:5369: gcc -o conftest -g -O0   conftest.c  >&5
configure:5369: $? = 0
configure:5378: result: yes
configure:5382: checking for dgettext in libc
configure:5400: gcc -o conftest -g -O0   conftest.c  >&5
configure:5400: $? = 0
configure:5409: result: yes
configure:5416: checking for bind_textdomain_codeset
configure:5416: gcc -o conftest -g -O0   conftest.c  >&5
configure:5416: $? = 0
configure:5416: result: yes
configure:5692: checking for msgfmt
configure:5719: result: /usr/bin/msgfmt
configure:5730: checking for dcgettext
configure:5730: gcc -o conftest -g -O0   conftest.c   >&5
conftest.c:49:6: warning: conflicting types for built-in function 'dcgettext' [enabled by default]
configure:5730: $? = 0
configure:5730: result: yes
configure:5740: checking if msgfmt accepts -c
configure:5755: $MSGFMT -c -o /dev/null conftest.foo
configure:5758: $? = 0
configure:5760: result: yes
configure:5770: checking for gmsgfmt
configure:5801: result: /usr/bin/msgfmt
configure:5811: checking for xgettext
configure:5838: result: /usr/bin/xgettext
configure:5857: gcc -o conftest -g -O0   conftest.c   >&5
configure:5857: $? = 0
configure:6028: checking build system type
configure:6042: result: x86_64-unknown-linux-gnu
configure:6062: checking host system type
configure:6075: result: x86_64-unknown-linux-gnu
configure:6116: checking how to print strings
configure:6143: result: printf
configure:6164: checking for a sed that does not truncate output
configure:6228: result: /bin/sed
configure:6246: checking for fgrep
configure:6308: result: /bin/grep -F
configure:6343: checking for ld used by gcc
configure:6410: result: /usr/bin/ld
configure:6417: checking if the linker (/usr/bin/ld) is GNU ld
configure:6432: result: yes
configure:6444: checking for BSD- or MS-compatible name lister (nm)
configure:6493: result: /usr/bin/nm -B
configure:6623: checking the name lister (/usr/bin/nm -B) interface
configure:6630: gcc -c -g -O0  conftest.c >&5
configure:6633: /usr/bin/nm -B "conftest.o"
configure:6636: output
0000000000000000 B some_variable
configure:6643: result: BSD nm
configure:6646: checking whether ln -s works
configure:6650: result: yes
configure:6658: checking the maximum length of command line arguments
configure:6788: result: 1572864
configure:6805: checking whether the shell understands some XSI constructs
configure:6815: result: yes
configure:6819: checking whether the shell understands "+="
configure:6825: result: yes
configure:6860: checking how to convert x86_64-unknown-linux-gnu file names to x86_64-unknown-linux-gnu format
configure:6900: result: func_convert_file_noop
configure:6907: checking how to convert x86_64-unknown-linux-gnu file names to toolchain format
configure:6927: result: func_convert_file_noop
configure:6934: checking for /usr/bin/ld option to reload object files
configure:6941: result: -r
configure:7015: checking for objdump
configure:7031: found /usr/bin/objdump
configure:7042: result: objdump
configure:7074: checking how to recognize dependent libraries
configure:7276: result: pass_all
configure:7361: checking for dlltool
configure:7391: result: no
configure:7421: checking how to associate runtime and link libraries
configure:7448: result: printf %s\n
configure:7508: checking for ar
configure:7524: found /usr/bin/ar
configure:7535: result: ar
configure:7572: checking for archiver @FILE support
configure:7589: gcc -c -g -O0  conftest.c >&5
configure:7589: $? = 0
configure:7592: ar cru libconftest.a @conftest.lst >&5
configure:7595: $? = 0
configure:7600: ar cru libconftest.a @conftest.lst >&5
ar: conftest.o: No such file or directory
configure:7603: $? = 1
configure:7615: result: @
configure:7673: checking for strip
configure:7689: found /usr/bin/strip
configure:7700: result: strip
configure:7772: checking for ranlib
configure:7788: found /usr/bin/ranlib
configure:7799: result: ranlib
configure:7901: checking command to parse /usr/bin/nm -B output from gcc object
configure:8021: gcc -c -g -O0  conftest.c >&5
configure:8024: $? = 0
configure:8028: /usr/bin/nm -B conftest.o \| sed -n -e 's/^.*[ ]\([ABCDGIRSTW][ABCDGIRSTW]*\)[ ][ ]*\([_A-Za-z][_A-Za-z0-9]*\)$/\1 \2 \2/p' | sed '/ __gnu_lto/d' \> conftest.nm
configure:8031: $? = 0
configure:8097: gcc -o conftest -g -O0   conftest.c conftstm.o >&5
configure:8100: $? = 0
configure:8138: result: ok
configure:8175: checking for sysroot
configure:8205: result: no
configure:8282: gcc -c -g -O0  conftest.c >&5
configure:8285: $? = 0
configure:8461: checking for mt
configure:8477: found /bin/mt
configure:8488: result: mt
configure:8511: checking if mt is a manifest tool
configure:8517: mt '-?'
configure:8525: result: no
configure:9164: checking for dlfcn.h
configure:9164: gcc -c -g -O0  conftest.c >&5
configure:9164: $? = 0
configure:9164: result: yes
configure:9381: checking for objdir
configure:9396: result: .libs
configure:9663: checking if gcc supports -fno-rtti -fno-exceptions
configure:9681: gcc -c -g -O0  -fno-rtti -fno-exceptions conftest.c >&5
cc1: warning: command line option '-fno-rtti' is valid for C++/ObjC++ but not for C [enabled by default]
configure:9685: $? = 0
configure:9698: result: no
configure:10025: checking for gcc option to produce PIC
configure:10032: result: -fPIC -DPIC
configure:10040: checking if gcc PIC flag -fPIC -DPIC works
configure:10058: gcc -c -g -O0  -fPIC -DPIC -DPIC conftest.c >&5
configure:10062: $? = 0
configure:10075: result: yes
configure:10104: checking if gcc static flag -static works
configure:10132: result: yes
configure:10147: checking if gcc supports -c -o file.o
configure:10168: gcc -c -g -O0  -o out/conftest2.o conftest.c >&5
configure:10172: $? = 0
configure:10194: result: yes
configure:10202: checking if gcc supports -c -o file.o
configure:10249: result: yes
configure:10282: checking whether the gcc linker (/usr/bin/ld -m elf_x86_64) supports shared libraries
configure:11439: result: yes
configure:11476: checking whether -lc should be explicitly linked in
configure:11484: gcc -c -g -O0  conftest.c >&5
configure:11487: $? = 0
configure:11502: gcc -shared  -fPIC -DPIC conftest.o  -v -Wl,-soname -Wl,conftest -o conftest 2\>\&1 \| /bin/grep  -lc  \>/dev/null 2\>\&1
configure:11505: $? = 0
configure:11519: result: no
configure:11679: checking dynamic linker characteristics
configure:12190: gcc -o conftest -g -O0   -Wl,-rpath -Wl,/foo conftest.c  >&5
configure:12190: $? = 0
configure:12424: result: GNU/Linux ld.so
configure:12531: checking how to hardcode library paths into programs
configure:12556: result: immediate
configure:13096: checking whether stripping libraries is possible
configure:13101: result: yes
configure:13136: checking if libtool supports shared libraries
configure:13138: result: yes
configure:13141: checking whether to build shared libraries
configure:13162: result: yes
configure:13165: checking whether to build static libraries
configure:13169: result: yes
configure:13192: checking how to run the C++ preprocessor
configure:13219: g++ -E  conftest.cpp
configure:13219: $? = 0
configure:13233: g++ -E  conftest.cpp
conftest.cpp:30:28: fatal error: ac_nonexistent.h: No such file or directory
compilation terminated.
configure:13233: $? = 1
configure: failed program was:
| /* confdefs.h */
| #define PACKAGE_NAME "xsampa2ipa"
| #define PACKAGE_TARNAME "xsampa2ipa"
| #define PACKAGE_VERSION "0.1"
| #define PACKAGE_STRING "xsampa2ipa 0.1"
| #define PACKAGE_BUGREPORT ""
| #define PACKAGE_URL ""
| #define PACKAGE "xsampa2ipa"
| #define VERSION "0.1"
| #define GETTEXT_PACKAGE "xsampa2ipa"
| #define STDC_HEADERS 1
| #define HAVE_SYS_TYPES_H 1
| #define HAVE_SYS_STAT_H 1
| #define HAVE_STDLIB_H 1
| #define HAVE_STRING_H 1
| #define HAVE_MEMORY_H 1
| #define HAVE_STRINGS_H 1
| #define HAVE_INTTYPES_H 1
| #define HAVE_STDINT_H 1
| #define HAVE_UNISTD_H 1
| #define HAVE_LOCALE_H 1
| #define HAVE_LC_MESSAGES 1
| #define HAVE_BIND_TEXTDOMAIN_CODESET 1
| #define HAVE_GETTEXT 1
| #define HAVE_DCGETTEXT 1
| #define ENABLE_NLS 1
| #define HAVE_DLFCN_H 1
| #define LT_OBJDIR ".libs/"
| /* end confdefs.h.  */
| #include <ac_nonexistent.h>
configure:13258: result: g++ -E
configure:13278: g++ -E  conftest.cpp
configure:13278: $? = 0
configure:13292: g++ -E  conftest.cpp
conftest.cpp:30:28: fatal error: ac_nonexistent.h: No such file or directory
compilation terminated.
configure:13292: $? = 1
configure: failed program was:
| /* confdefs.h */
| #define PACKAGE_NAME "xsampa2ipa"
| #define PACKAGE_TARNAME "xsampa2ipa"
| #define PACKAGE_VERSION "0.1"
| #define PACKAGE_STRING "xsampa2ipa 0.1"
| #define PACKAGE_BUGREPORT ""
| #define PACKAGE_URL ""
| #define PACKAGE "xsampa2ipa"
| #define VERSION "0.1"
| #define GETTEXT_PACKAGE "xsampa2ipa"
| #define STDC_HEADERS 1
| #define HAVE_SYS_TYPES_H 1
| #define HAVE_SYS_STAT_H 1
| #define HAVE_STDLIB_H 1
| #define HAVE_STRING_H 1
| #define HAVE_MEMORY_H 1
| #define HAVE_STRINGS_H 1
| #define HAVE_INTTYPES_H 1
| #define HAVE_STDINT_H 1
| #define HAVE_UNISTD_H 1
| #define HAVE_LOCALE_H 1
| #define HAVE_LC_MESSAGES 1
| #define HAVE_BIND_TEXTDOMAIN_CODESET 1
| #define HAVE_GETTEXT 1
| #define HAVE_DCGETTEXT 1
| #define ENABLE_NLS 1
| #define HAVE_DLFCN_H 1
| #define LT_OBJDIR ".libs/"
| /* end confdefs.h.  */
| #include <ac_nonexistent.h>
configure:13461: checking for ld used by g++
configure:13528: result: /usr/bin/ld -m elf_x86_64
configure:13535: checking if the linker (/usr/bin/ld -m elf_x86_64) is GNU ld
configure:13550: result: yes
configure:13605: checking whether the g++ linker (/usr/bin/ld -m elf_x86_64) supports shared libraries
configure:14610: result: yes
configure:14646: g++ -c -g -O0  conftest.cpp >&5
configure:14649: $? = 0
configure:15169: checking for g++ option to produce PIC
configure:15176: result: -fPIC -DPIC
configure:15184: checking if g++ PIC flag -fPIC -DPIC works
configure:15202: g++ -c -g -O0  -fPIC -DPIC -DPIC conftest.cpp >&5
configure:15206: $? = 0
configure:15219: result: yes
configure:15242: checking if g++ static flag -static works
configure:15270: result: yes
configure:15282: checking if g++ supports -c -o file.o
configure:15303: g++ -c -g -O0  -o out/conftest2.o conftest.cpp >&5
configure:15307: $? = 0
configure:15329: result: yes
configure:15334: checking if g++ supports -c -o file.o
configure:15381: result: yes
configure:15411: checking whether the g++ linker (/usr/bin/ld -m elf_x86_64) supports shared libraries
configure:15450: result: yes
configure:15591: checking dynamic linker characteristics
configure:16270: result: GNU/Linux ld.so
configure:16323: checking how to hardcode library paths into programs
configure:16348: result: immediate
configure:16466: checking for pkg-config
configure:16484: found /usr/bin/pkg-config
configure:16496: result: /usr/bin/pkg-config
configure:16521: checking pkg-config is at least version 0.9.0
configure:16524: result: yes
configure:16534: checking for XSAMPA2IPA
configure:16541: $PKG_CONFIG --exists --print-errors "gtkmm-3.0 "
configure:16544: $? = 0
configure:16558: $PKG_CONFIG --exists --print-errors "gtkmm-3.0 "
configure:16561: $? = 0
configure:16619: result: yes
configure:16767: creating ./config.status

## ---------------------- ##
## Running config.status. ##
## ---------------------- ##

This file was extended by xsampa2ipa config.status 0.1, which was
generated by GNU Autoconf 2.68.  Invocation command line was

  CONFIG_FILES    = 
  CONFIG_HEADERS  = 
  CONFIG_LINKS    = 
  CONFIG_COMMANDS = 
  $ ./config.status 

on Ubuntu-M61PM-S2

config.status:1245: creating Makefile
config.status:1245: creating src/Makefile
config.status:1245: creating po/Makefile.in
config.status:1245: creating config.h
config.status:1459: executing depfiles commands
config.status:1459: executing default-1 commands
config.status:1459: executing libtool commands
config.status:1459: executing po/stamp-it commands
configure:19294: WARNING: unrecognized options: --enable-maintainer-mode

## ---------------- ##
## Cache variables. ##
## ---------------- ##

ac_cv_build=x86_64-unknown-linux-gnu
ac_cv_c_compiler_gnu=yes
ac_cv_cxx_compiler_gnu=yes
ac_cv_env_CCC_set=
ac_cv_env_CCC_value=
ac_cv_env_CC_set=
ac_cv_env_CC_value=
ac_cv_env_CFLAGS_set=set
ac_cv_env_CFLAGS_value='-g -O0'
ac_cv_env_CPPFLAGS_set=
ac_cv_env_CPPFLAGS_value=
ac_cv_env_CPP_set=
ac_cv_env_CPP_value=
ac_cv_env_CXXCPP_set=
ac_cv_env_CXXCPP_value=
ac_cv_env_CXXFLAGS_set=set
ac_cv_env_CXXFLAGS_value='-g -O0'
ac_cv_env_CXX_set=
ac_cv_env_CXX_value=
ac_cv_env_LDFLAGS_set=
ac_cv_env_LDFLAGS_value=
ac_cv_env_LIBS_set=
ac_cv_env_LIBS_value=
ac_cv_env_PKG_CONFIG_LIBDIR_set=
ac_cv_env_PKG_CONFIG_LIBDIR_value=
ac_cv_env_PKG_CONFIG_PATH_set=
ac_cv_env_PKG_CONFIG_PATH_value=
ac_cv_env_PKG_CONFIG_set=
ac_cv_env_PKG_CONFIG_value=
ac_cv_env_XSAMPA2IPA_CFLAGS_set=
ac_cv_env_XSAMPA2IPA_CFLAGS_value=
ac_cv_env_XSAMPA2IPA_LIBS_set=
ac_cv_env_XSAMPA2IPA_LIBS_value=
ac_cv_env_build_alias_set=
ac_cv_env_build_alias_value=
ac_cv_env_host_alias_set=
ac_cv_env_host_alias_value=
ac_cv_env_target_alias_set=
ac_cv_env_target_alias_value=
ac_cv_func_bind_textdomain_codeset=yes
ac_cv_func_dcgettext=yes
ac_cv_header_dlfcn_h=yes
ac_cv_header_inttypes_h=yes
ac_cv_header_libintl_h=yes
ac_cv_header_locale_h=yes
ac_cv_header_memory_h=yes
ac_cv_header_stdc=yes
ac_cv_header_stdint_h=yes
ac_cv_header_stdlib_h=yes
ac_cv_header_string_h=yes
ac_cv_header_strings_h=yes
ac_cv_header_sys_stat_h=yes
ac_cv_header_sys_types_h=yes
ac_cv_header_unistd_h=yes
ac_cv_host=x86_64-unknown-linux-gnu
ac_cv_objext=o
ac_cv_path_EGREP='/bin/grep -E'
ac_cv_path_FGREP='/bin/grep -F'
ac_cv_path_GMSGFMT=/usr/bin/msgfmt
ac_cv_path_GREP=/bin/grep
ac_cv_path_INTLTOOL_EXTRACT=/usr/bin/intltool-extract
ac_cv_path_INTLTOOL_MERGE=/usr/bin/intltool-merge
ac_cv_path_INTLTOOL_PERL=/usr/bin/perl
ac_cv_path_INTLTOOL_UPDATE=/usr/bin/intltool-update
ac_cv_path_MSGFMT=/usr/bin/msgfmt
ac_cv_path_MSGMERGE=/usr/bin/msgmerge
ac_cv_path_SED=/bin/sed
ac_cv_path_XGETTEXT=/usr/bin/xgettext
ac_cv_path_ac_pt_PKG_CONFIG=/usr/bin/pkg-config
ac_cv_path_install='/usr/bin/install -c'
ac_cv_path_mkdir=/bin/mkdir
ac_cv_prog_AWK=gawk
ac_cv_prog_CPP='gcc -E'
ac_cv_prog_CXXCPP='g++ -E'
ac_cv_prog_ac_ct_AR=ar
ac_cv_prog_ac_ct_CC=gcc
ac_cv_prog_ac_ct_CXX=g++
ac_cv_prog_ac_ct_MANIFEST_TOOL=mt
ac_cv_prog_ac_ct_OBJDUMP=objdump
ac_cv_prog_ac_ct_RANLIB=ranlib
ac_cv_prog_ac_ct_STRIP=strip
ac_cv_prog_cc_c89=
ac_cv_prog_cc_g=yes
ac_cv_prog_cxx_g=yes
ac_cv_prog_make_make_set=yes
am_cv_CC_dependencies_compiler_type=gcc3
am_cv_CXX_dependencies_compiler_type=gcc3
am_cv_make_support_nested_variables=yes
am_cv_val_LC_MESSAGES=yes
gt_cv_func_dgettext_libc=yes
gt_cv_func_dgettext_libintl=no
gt_cv_func_ngettext_libc=yes
gt_cv_have_gettext=yes
lt_cv_ar_at_file=@
lt_cv_archive_cmds_need_lc=no
lt_cv_deplibs_check_method=pass_all
lt_cv_file_magic_cmd='$MAGIC_CMD'
lt_cv_file_magic_test_file=
lt_cv_ld_reload_flag=-r
lt_cv_nm_interface='BSD nm'
lt_cv_objdir=.libs
lt_cv_path_LD=/usr/bin/ld
lt_cv_path_LDCXX='/usr/bin/ld -m elf_x86_64'
lt_cv_path_NM='/usr/bin/nm -B'
lt_cv_path_mainfest_tool=no
lt_cv_prog_compiler_c_o=yes
lt_cv_prog_compiler_c_o_CXX=yes
lt_cv_prog_compiler_pic='-fPIC -DPIC'
lt_cv_prog_compiler_pic_CXX='-fPIC -DPIC'
lt_cv_prog_compiler_pic_works=yes
lt_cv_prog_compiler_pic_works_CXX=yes
lt_cv_prog_compiler_rtti_exceptions=no
lt_cv_prog_compiler_static_works=yes
lt_cv_prog_compiler_static_works_CXX=yes
lt_cv_prog_gnu_ld=yes
lt_cv_prog_gnu_ldcxx=yes
lt_cv_sharedlib_from_linklib_cmd='printf %s\n'
lt_cv_shlibpath_overrides_runpath=no
lt_cv_sys_global_symbol_pipe='sed -n -e '\''s/^.*[	 ]\([ABCDGIRSTW][ABCDGIRSTW]*\)[	 ][	 ]*\([_A-Za-z][_A-Za-z0-9]*\)$/\1 \2 \2/p'\'' | sed '\''/ __gnu_lto/d'\'''
lt_cv_sys_global_symbol_to_c_name_address='sed -n -e '\''s/^: \([^ ]*\)[ ]*$/  {\"\1\", (void *) 0},/p'\'' -e '\''s/^[ABCDGIRSTW]* \([^ ]*\) \([^ ]*\)$/  {"\2", (void *) \&\2},/p'\'''
lt_cv_sys_global_symbol_to_c_name_address_lib_prefix='sed -n -e '\''s/^: \([^ ]*\)[ ]*$/  {\"\1\", (void *) 0},/p'\'' -e '\''s/^[ABCDGIRSTW]* \([^ ]*\) \(lib[^ ]*\)$/  {"\2", (void *) \&\2},/p'\'' -e '\''s/^[ABCDGIRSTW]* \([^ ]*\) \([^ ]*\)$/  {"lib\2", (void *) \&\2},/p'\'''
lt_cv_sys_global_symbol_to_cdecl='sed -n -e '\''s/^T .* \(.*\)$/extern int \1();/p'\'' -e '\''s/^[ABCDGIRSTW]* .* \(.*\)$/extern char \1;/p'\'''
lt_cv_sys_max_cmd_len=1572864
lt_cv_to_host_file_cmd=func_convert_file_noop
lt_cv_to_tool_file_cmd=func_convert_file_noop
pkg_cv_XSAMPA2IPA_CFLAGS='-pthread -I/usr/include/atkmm-1.6 -I/usr/include/giomm-2.4 -I/usr/lib/x86_64-linux-gnu/giomm-2.4/include -I/usr/include/pangomm-1.4 -I/usr/lib/x86_64-linux-gnu/pangomm-1.4/include -I/usr/include/gtk-3.0 -I/usr/include/cairomm-1.0 -I/usr/lib/x86_64-linux-gnu/cairomm-1.0/include -I/usr/include/gdk-pixbuf-2.0 -I/usr/include/gtk-3.0/unix-print -I/usr/include/atk-1.0 -I/usr/include/glibmm-2.4 -I/usr/lib/x86_64-linux-gnu/glibmm-2.4/include -I/usr/include/glib-2.0 -I/usr/lib/x86_64-linux-gnu/glib-2.0/include -I/usr/include/sigc++-2.0 -I/usr/lib/x86_64-linux-gnu/sigc++-2.0/include -I/usr/include/pango-1.0 -I/usr/include/cairo -I/usr/include/pixman-1 -I/usr/include/freetype2 -I/usr/include/libpng12 -I/usr/include/gio-unix-2.0/ -I/usr/include/gtkmm-3.0 -I/usr/lib/gtkmm-3.0/include -I/usr/include/gdkmm-3.0 -I/usr/lib/gdkmm-3.0/include  '
pkg_cv_XSAMPA2IPA_LIBS='-lgtkmm-3.0 -latkmm-1.6 -lgdkmm-3.0 -lgiomm-2.4 -lpangomm-1.4 -lgtk-3 -lglibmm-2.4 -lcairomm-1.0 -lgdk-3 -latk-1.0 -lgio-2.0 -lpangocairo-1.0 -lgdk_pixbuf-2.0 -lcairo-gobject -lpango-1.0 -lcairo -lsigc-2.0 -lgobject-2.0 -lglib-2.0  '

## ----------------- ##
## Output variables. ##
## ----------------- ##

ACLOCAL='${SHELL} /home/sieciuch/xsampa2ipa/missing --run aclocal-1.11'
ALL_LINGUAS=''
AMDEPBACKSLASH='\'
AMDEP_FALSE='#'
AMDEP_TRUE=''
AMTAR='$${TAR-tar}'
AM_BACKSLASH='\'
AM_DEFAULT_V='$(AM_DEFAULT_VERBOSITY)'
AM_DEFAULT_VERBOSITY='0'
AM_V='$(V)'
AR='ar'
AUTOCONF='${SHELL} /home/sieciuch/xsampa2ipa/missing --run autoconf'
AUTOHEADER='${SHELL} /home/sieciuch/xsampa2ipa/missing --run autoheader'
AUTOMAKE='${SHELL} /home/sieciuch/xsampa2ipa/missing --run automake-1.11'
AWK='gawk'
CATALOGS=''
CATOBJEXT='.gmo'
CC='gcc'
CCDEPMODE='depmode=gcc3'
CFLAGS='-g -O0'
CPP='gcc -E'
CPPFLAGS=''
CXX='g++'
CXXCPP='g++ -E'
CXXDEPMODE='depmode=gcc3'
CXXFLAGS='-g -O0'
CYGPATH_W='echo'
DATADIRNAME='share'
DEFS='-DHAVE_CONFIG_H'
DEPDIR='.deps'
DLLTOOL='false'
DSYMUTIL=''
DUMPBIN=''
ECHO_C=''
ECHO_N='-n'
ECHO_T=''
EGREP='/bin/grep -E'
EXEEXT=''
FGREP='/bin/grep -F'
GETTEXT_PACKAGE='xsampa2ipa'
GMOFILES=''
GMSGFMT='/usr/bin/msgfmt'
GREP='/bin/grep'
INSTALL_DATA='${INSTALL} -m 644'
INSTALL_PROGRAM='${INSTALL}'
INSTALL_SCRIPT='${INSTALL}'
INSTALL_STRIP_PROGRAM='$(install_sh) -c -s'
INSTOBJEXT='.mo'
INTLLIBS=''
INTLTOOL_CAVES_RULE='%.caves:     %.caves.in     $(INTLTOOL_MERGE) $(wildcard $(top_srcdir)/po/*.po) ; $(INTLTOOL_V_MERGE)LC_ALL=C $(INTLTOOL_MERGE) $(INTLTOOL_V_MERGE_OPTIONS) -d -u -c $(top_builddir)/po/.intltool-merge-cache $(top_srcdir)/po $< $@'
INTLTOOL_DESKTOP_RULE='%.desktop:   %.desktop.in   $(INTLTOOL_MERGE) $(wildcard $(top_srcdir)/po/*.po) ; $(INTLTOOL_V_MERGE)LC_ALL=C $(INTLTOOL_MERGE) $(INTLTOOL_V_MERGE_OPTIONS) -d -u -c $(top_builddir)/po/.intltool-merge-cache $(top_srcdir)/po $< $@'
INTLTOOL_DIRECTORY_RULE='%.directory: %.directory.in $(INTLTOOL_MERGE) $(wildcard $(top_srcdir)/po/*.po) ; $(INTLTOOL_V_MERGE)LC_ALL=C $(INTLTOOL_MERGE) $(INTLTOOL_V_MERGE_OPTIONS) -d -u -c $(top_builddir)/po/.intltool-merge-cache $(top_srcdir)/po $< $@'
INTLTOOL_EXTRACT='/usr/bin/intltool-extract'
INTLTOOL_KBD_RULE='%.kbd:       %.kbd.in       $(INTLTOOL_MERGE) $(wildcard $(top_srcdir)/po/*.po) ; $(INTLTOOL_V_MERGE)LC_ALL=C $(INTLTOOL_MERGE) $(INTLTOOL_V_MERGE_OPTIONS) -x -u -m -c $(top_builddir)/po/.intltool-merge-cache $(top_srcdir)/po $< $@'
INTLTOOL_KEYS_RULE='%.keys:      %.keys.in      $(INTLTOOL_MERGE) $(wildcard $(top_srcdir)/po/*.po) ; $(INTLTOOL_V_MERGE)LC_ALL=C $(INTLTOOL_MERGE) $(INTLTOOL_V_MERGE_OPTIONS) -k -u -c $(top_builddir)/po/.intltool-merge-cache $(top_srcdir)/po $< $@'
INTLTOOL_MERGE='/usr/bin/intltool-merge'
INTLTOOL_OAF_RULE='%.oaf:       %.oaf.in       $(INTLTOOL_MERGE) $(wildcard $(top_srcdir)/po/*.po) ; $(INTLTOOL_V_MERGE)LC_ALL=C $(INTLTOOL_MERGE) $(INTLTOOL_V_MERGE_OPTIONS) -o -p $(top_srcdir)/po $< $@'
INTLTOOL_PERL='/usr/bin/perl'
INTLTOOL_POLICY_RULE='%.policy:    %.policy.in    $(INTLTOOL_MERGE) $(wildcard $(top_srcdir)/po/*.po) ; $(INTLTOOL_V_MERGE)LC_ALL=C $(INTLTOOL_MERGE) $(INTLTOOL_V_MERGE_OPTIONS) -x -u -c $(top_builddir)/po/.intltool-merge-cache $(top_srcdir)/po $< $@'
INTLTOOL_PONG_RULE='%.pong:      %.pong.in      $(INTLTOOL_MERGE) $(wildcard $(top_srcdir)/po/*.po) ; $(INTLTOOL_V_MERGE)LC_ALL=C $(INTLTOOL_MERGE) $(INTLTOOL_V_MERGE_OPTIONS) -x -u -c $(top_builddir)/po/.intltool-merge-cache $(top_srcdir)/po $< $@'
INTLTOOL_PROP_RULE='%.prop:      %.prop.in      $(INTLTOOL_MERGE) $(wildcard $(top_srcdir)/po/*.po) ; $(INTLTOOL_V_MERGE)LC_ALL=C $(INTLTOOL_MERGE) $(INTLTOOL_V_MERGE_OPTIONS) -d -u -c $(top_builddir)/po/.intltool-merge-cache $(top_srcdir)/po $< $@'
INTLTOOL_SCHEMAS_RULE='%.schemas:   %.schemas.in   $(INTLTOOL_MERGE) $(wildcard $(top_srcdir)/po/*.po) ; $(INTLTOOL_V_MERGE)LC_ALL=C $(INTLTOOL_MERGE) $(INTLTOOL_V_MERGE_OPTIONS) -s -u -c $(top_builddir)/po/.intltool-merge-cache $(top_srcdir)/po $< $@'
INTLTOOL_SERVER_RULE='%.server:    %.server.in    $(INTLTOOL_MERGE) $(wildcard $(top_srcdir)/po/*.po) ; $(INTLTOOL_V_MERGE)LC_ALL=C $(INTLTOOL_MERGE) $(INTLTOOL_V_MERGE_OPTIONS) -o -u -c $(top_builddir)/po/.intltool-merge-cache $(top_srcdir)/po $< $@'
INTLTOOL_SERVICE_RULE='%.service: %.service.in   $(INTLTOOL_MERGE) $(wildcard $(top_srcdir)/po/*.po) ; $(INTLTOOL_V_MERGE)LC_ALL=C $(INTLTOOL_MERGE) $(INTLTOOL_V_MERGE_OPTIONS) -d -u -c $(top_builddir)/po/.intltool-merge-cache $(top_srcdir)/po $< $@'
INTLTOOL_SHEET_RULE='%.sheet:     %.sheet.in     $(INTLTOOL_MERGE) $(wildcard $(top_srcdir)/po/*.po) ; $(INTLTOOL_V_MERGE)LC_ALL=C $(INTLTOOL_MERGE) $(INTLTOOL_V_MERGE_OPTIONS) -x -u -c $(top_builddir)/po/.intltool-merge-cache $(top_srcdir)/po $< $@'
INTLTOOL_SOUNDLIST_RULE='%.soundlist: %.soundlist.in $(INTLTOOL_MERGE) $(wildcard $(top_srcdir)/po/*.po) ; $(INTLTOOL_V_MERGE)LC_ALL=C $(INTLTOOL_MERGE) $(INTLTOOL_V_MERGE_OPTIONS) -d -u -c $(top_builddir)/po/.intltool-merge-cache $(top_srcdir)/po $< $@'
INTLTOOL_THEME_RULE='%.theme:     %.theme.in     $(INTLTOOL_MERGE) $(wildcard $(top_srcdir)/po/*.po) ; $(INTLTOOL_V_MERGE)LC_ALL=C $(INTLTOOL_MERGE) $(INTLTOOL_V_MERGE_OPTIONS) -d -u -c $(top_builddir)/po/.intltool-merge-cache $(top_srcdir)/po $< $@'
INTLTOOL_UI_RULE='%.ui:        %.ui.in        $(INTLTOOL_MERGE) $(wildcard $(top_srcdir)/po/*.po) ; $(INTLTOOL_V_MERGE)LC_ALL=C $(INTLTOOL_MERGE) $(INTLTOOL_V_MERGE_OPTIONS) -x -u -c $(top_builddir)/po/.intltool-merge-cache $(top_srcdir)/po $< $@'
INTLTOOL_UPDATE='/usr/bin/intltool-update'
INTLTOOL_V_MERGE='$(INTLTOOL__v_MERGE_$(V))'
INTLTOOL_V_MERGE_OPTIONS='$(intltool__v_merge_options_$(V))'
INTLTOOL_XAM_RULE='%.xam:       %.xml.in       $(INTLTOOL_MERGE) $(wildcard $(top_srcdir)/po/*.po) ; $(INTLTOOL_V_MERGE)LC_ALL=C $(INTLTOOL_MERGE) $(INTLTOOL_V_MERGE_OPTIONS) -x -u -c $(top_builddir)/po/.intltool-merge-cache $(top_srcdir)/po $< $@'
INTLTOOL_XML_NOMERGE_RULE='%.xml:       %.xml.in       $(INTLTOOL_MERGE) ; $(INTLTOOL_V_MERGE)LC_ALL=C $(INTLTOOL_MERGE) $(INTLTOOL_V_MERGE_OPTIONS) -x -u --no-translations $< $@'
INTLTOOL_XML_RULE='%.xml:       %.xml.in       $(INTLTOOL_MERGE) $(wildcard $(top_srcdir)/po/*.po) ; $(INTLTOOL_V_MERGE)LC_ALL=C $(INTLTOOL_MERGE) $(INTLTOOL_V_MERGE_OPTIONS) -x -u -c $(top_builddir)/po/.intltool-merge-cache $(top_srcdir)/po $< $@'
INTLTOOL__v_MERGE_0='@echo "  ITMRG " $@;'
INTLTOOL__v_MERGE_='$(INTLTOOL__v_MERGE_$(AM_DEFAULT_VERBOSITY))'
LD='/usr/bin/ld -m elf_x86_64'
LDFLAGS=''
LIBOBJS=''
LIBS=''
LIBTOOL='$(SHELL) $(top_builddir)/libtool'
LIPO=''
LN_S='ln -s'
LTLIBOBJS=''
MAKEINFO='${SHELL} /home/sieciuch/xsampa2ipa/missing --run makeinfo'
MANIFEST_TOOL=':'
MKDIR_P='/bin/mkdir -p'
MKINSTALLDIRS='/home/sieciuch/xsampa2ipa/mkinstalldirs'
MSGFMT='/usr/bin/msgfmt'
MSGFMT_OPTS='-c'
MSGMERGE='/usr/bin/msgmerge'
NM='/usr/bin/nm -B'
NMEDIT=''
OBJDUMP='objdump'
OBJEXT='o'
OTOOL64=''
OTOOL=''
PACKAGE='xsampa2ipa'
PACKAGE_BUGREPORT=''
PACKAGE_NAME='xsampa2ipa'
PACKAGE_STRING='xsampa2ipa 0.1'
PACKAGE_TARNAME='xsampa2ipa'
PACKAGE_URL=''
PACKAGE_VERSION='0.1'
PATH_SEPARATOR=':'
PKG_CONFIG='/usr/bin/pkg-config'
PKG_CONFIG_LIBDIR=''
PKG_CONFIG_PATH=''
POFILES=''
POSUB='po'
PO_IN_DATADIR_FALSE=''
PO_IN_DATADIR_TRUE=''
RANLIB='ranlib'
SED='/bin/sed'
SET_MAKE=''
SHELL='/bin/bash'
STRIP='strip'
USE_NLS='yes'
VERSION='0.1'
XGETTEXT='/usr/bin/xgettext'
XSAMPA2IPA_CFLAGS='-pthread -I/usr/include/atkmm-1.6 -I/usr/include/giomm-2.4 -I/usr/lib/x86_64-linux-gnu/giomm-2.4/include -I/usr/include/pangomm-1.4 -I/usr/lib/x86_64-linux-gnu/pangomm-1.4/include -I/usr/include/gtk-3.0 -I/usr/include/cairomm-1.0 -I/usr/lib/x86_64-linux-gnu/cairomm-1.0/include -I/usr/include/gdk-pixbuf-2.0 -I/usr/include/gtk-3.0/unix-print -I/usr/include/atk-1.0 -I/usr/include/glibmm-2.4 -I/usr/lib/x86_64-linux-gnu/glibmm-2.4/include -I/usr/include/glib-2.0 -I/usr/lib/x86_64-linux-gnu/glib-2.0/include -I/usr/include/sigc++-2.0 -I/usr/lib/x86_64-linux-gnu/sigc++-2.0/include -I/usr/include/pango-1.0 -I/usr/include/cairo -I/usr/include/pixman-1 -I/usr/include/freetype2 -I/usr/include/libpng12 -I/usr/include/gio-unix-2.0/ -I/usr/include/gtkmm-3.0 -I/usr/lib/gtkmm-3.0/include -I/usr/include/gdkmm-3.0 -I/usr/lib/gdkmm-3.0/include  '
XSAMPA2IPA_LIBS='-lgtkmm-3.0 -latkmm-1.6 -lgdkmm-3.0 -lgiomm-2.4 -lpangomm-1.4 -lgtk-3 -lglibmm-2.4 -lcairomm-1.0 -lgdk-3 -latk-1.0 -lgio-2.0 -lpangocairo-1.0 -lgdk_pixbuf-2.0 -lcairo-gobject -lpango-1.0 -lcairo -lsigc-2.0 -lgobject-2.0 -lglib-2.0  '
ac_ct_AR='ar'
ac_ct_CC='gcc'
ac_ct_CXX='g++'
ac_ct_DUMPBIN=''
am__EXEEXT_FALSE=''
am__EXEEXT_TRUE='#'
am__fastdepCC_FALSE='#'
am__fastdepCC_TRUE=''
am__fastdepCXX_FALSE='#'
am__fastdepCXX_TRUE=''
am__include='include'
am__isrc=' -I$(srcdir)'
am__leading_dot='.'
am__nodep='_no'
am__quote=''
am__tar='$${TAR-tar} chof - "$$tardir"'
am__untar='$${TAR-tar} xf -'
bindir='${exec_prefix}/bin'
build='x86_64-unknown-linux-gnu'
build_alias=''
build_cpu='x86_64'
build_os='linux-gnu'
build_vendor='unknown'
datadir='${datarootdir}'
datarootdir='${prefix}/share'
docdir='${datarootdir}/doc/${PACKAGE_TARNAME}'
dvidir='${docdir}'
exec_prefix='${prefix}'
host='x86_64-unknown-linux-gnu'
host_alias=''
host_cpu='x86_64'
host_os='linux-gnu'
host_vendor='unknown'
htmldir='${docdir}'
includedir='${prefix}/include'
infodir='${datarootdir}/info'
install_sh='${SHELL} /home/sieciuch/xsampa2ipa/install-sh'
intltool__v_merge_options_0='-q'
intltool__v_merge_options_='$(intltool__v_merge_options_$(AM_DEFAULT_VERBOSITY))'
libdir='${exec_prefix}/lib'
libexecdir='${exec_prefix}/libexec'
localedir='${datarootdir}/locale'
localstatedir='${prefix}/var'
mandir='${datarootdir}/man'
mkdir_p='/bin/mkdir -p'
oldincludedir='/usr/include'
pdfdir='${docdir}'
prefix='/usr/local'
program_transform_name='s,x,x,'
psdir='${docdir}'
sbindir='${exec_prefix}/sbin'
sharedstatedir='${prefix}/com'
sysconfdir='${prefix}/etc'
target_alias=''

## ----------- ##
## confdefs.h. ##
## ----------- ##

/* confdefs.h */
#define PACKAGE_NAME "xsampa2ipa"
#define PACKAGE_TARNAME "xsampa2ipa"
#define PACKAGE_VERSION "0.1"
#define PACKAGE_STRING "xsampa2ipa 0.1"
#define PACKAGE_BUGREPORT ""
#define PACKAGE_URL ""
#define PACKAGE "xsampa2ipa"
#define VERSION "0.1"
#define GETTEXT_PACKAGE "xsampa2ipa"
#define STDC_HEADERS 1
#define HAVE_SYS_TYPES_H 1
#define HAVE_SYS_STAT_H 1
#define HAVE_STDLIB_H 1
#define HAVE_STRING_H 1
#define HAVE_MEMORY_H 1
#define HAVE_STRINGS_H 1
#define HAVE_INTTYPES_H 1
#define HAVE_STDINT_H 1
#define HAVE_UNISTD_H 1
#define HAVE_LOCALE_H 1
#define HAVE_LC_MESSAGES 1
#define HAVE_BIND_TEXTDOMAIN_CODESET 1
#define HAVE_GETTEXT 1
#define HAVE_DCGETTEXT 1
#define ENABLE_NLS 1
#define HAVE_DLFCN_H 1
#define LT_OBJDIR ".libs/"

configure: exit 0

## ---------------------- ##
## Running config.status. ##
## ---------------------- ##

This file was extended by xsampa2ipa config.status 0.1, which was
generated by GNU Autoconf 2.68.  Invocation command line was

  CONFIG_FILES    = 
  CONFIG_HEADERS  = 
  CONFIG_LINKS    = 
  CONFIG_COMMANDS = 
  $ ./config.status src/Makefile depfiles

on Ubuntu-M61PM-S2

config.status:1245: creating src/Makefile
config.status:1459: executing depfiles commands

## ---------------------- ##
## Running config.status. ##
## ---------------------- ##

This file was extended by xsampa2ipa config.status 0.1, which was
generated by GNU Autoconf 2.68.  Invocation command line was

  CONFIG_FILES    = 
  CONFIG_HEADERS  = 
  CONFIG_LINKS    = 
  CONFIG_COMMANDS = 
  $ ./config.status src/Makefile depfiles

on Ubuntu-M61PM-S2

config.status:1245: creating src/Makefile
config.status:1459: executing depfiles commands

## ---------------------- ##
## Running config.status. ##
## ---------------------- ##

This file was extended by xsampa2ipa config.status 0.1, which was
generated by GNU Autoconf 2.68.  Invocation command line was

  CONFIG_FILES    = 
  CONFIG_HEADERS  = 
  CONFIG_LINKS    = 
  CONFIG_COMMANDS = 
  $ ./config.status src/Makefile depfiles

on Ubuntu-M61PM-S2

config.status:1245: creating src/Makefile
config.status:1459: executing depfiles commands

## ---------------------- ##
## Running config.status. ##
## ---------------------- ##

This file was extended by xsampa2ipa config.status 0.1, which was
generated by GNU Autoconf 2.68.  Invocation command line was

  CONFIG_FILES    = 
  CONFIG_HEADERS  = 
  CONFIG_LINKS    = 
  CONFIG_COMMANDS = 
  $ ./config.status src/Makefile depfiles

on Ubuntu-M61PM-S2

config.status:1245: creating src/Makefile
config.status:1459: executing depfiles commands

## ---------------------- ##
## Running config.status. ##
## ---------------------- ##

This file was extended by xsampa2ipa config.status 0.1, which was
generated by GNU Autoconf 2.68.  Invocation command line was

  CONFIG_FILES    = 
  CONFIG_HEADERS  = 
  CONFIG_LINKS    = 
  CONFIG_COMMANDS = 
  $ ./config.status src/Makefile depfiles

on Ubuntu-M61PM-S2

config.status:1245: creating src/Makefile
config.status:1459: executing depfiles commands

## ---------------------- ##
## Running config.status. ##
## ---------------------- ##

This file was extended by xsampa2ipa config.status 0.1, which was
generated by GNU Autoconf 2.68.  Invocation command line was

  CONFIG_FILES    = 
  CONFIG_HEADERS  = 
  CONFIG_LINKS    = 
  CONFIG_COMMANDS = 
  $ ./config.status src/Makefile depfiles

on Ubuntu-M61PM-S2

config.status:1245: creating src/Makefile
config.status:1459: executing depfiles commands
